<?xml version="1.0" encoding="UTF-8"?>
<!-- Generated by org.testng.reporters.JUnitXMLReporter -->
<testsuite hostname="A2ML22163" name="Test1" tests="5" failures="0" timestamp="6 Mar 2019 06:15:10 GMT" time="0.056" errors="0">
  <testcase name="@BeforeTest beforeTest" time="0.0" classname="example.NewTest">
    <failure type="java.lang.NullPointerException">
      <![CDATA[java.lang.NullPointerException
	at example.NewTest.beforeTest(NewTest.java:129)
	at java.util.concurrent.FutureTask.run(FutureTask.java:266)
	at java.util.concurrent.ThreadPoolExecutor.runWorker(ThreadPoolExecutor.java:1149)
	at java.util.concurrent.ThreadPoolExecutor$Worker.run(ThreadPoolExecutor.java:624)
	at java.lang.Thread.run(Thread.java:748)
... Removed 14 stack frames]]>
    </failure>
  </testcase> <!-- @BeforeTest beforeTest -->
  <testcase name="@AfterTest afterTest" time="0.0" classname="example.NewTest">
    <skipped/>
  </testcase> <!-- @AfterTest afterTest -->
  <testcase name="invokebrowser" time="0.002" classname="example.NewTest">
    <skipped/>
  </testcase> <!-- invokebrowser -->
  <testcase name="login" time="0.001" classname="example.NewTest">
    <skipped/>
  </testcase> <!-- login -->
  <testcase name="navigatebackword" time="0.002" classname="example.NewTest">
    <skipped/>
  </testcase> <!-- navigatebackword -->
  <testcase name="onlinebanking" time="0.001" classname="example.NewTest">
    <skipped/>
  </testcase> <!-- onlinebanking -->
  <testcase name="transferfunds" time="0.001" classname="example.NewTest">
    <skipped/>
  </testcase> <!-- transferfunds -->
</testsuite> <!-- Test1 -->
