<?xml version="1.0" encoding="UTF-8"?>
<!-- Generated by org.testng.reporters.JUnitXMLReporter -->
<testsuite hostname="A2ML22163" name="Test2" tests="5" failures="0" timestamp="28 Feb 2019 12:18:43 GMT" time="45.087" errors="0">
  <testcase name="invokebrowser" time="15.471" classname="example.transferfunds"/>
  <testcase name="login" time="5.006" classname="example.transferfunds"/>
  <testcase name="navigatebackword" time="11.044" classname="example.transferfunds"/>
  <testcase name="onlinebanking" time="4.378" classname="example.transferfunds"/>
  <testcase name="transferfunds" time="3.226" classname="example.transferfunds"/>
</testsuite> <!-- Test2 -->
