<?xml version="1.0" encoding="UTF-8"?>
<!-- Generated by org.testng.reporters.JUnitXMLReporter -->
<testsuite hostname="A2ML22163" name="Test2" tests="5" failures="0" timestamp="6 Mar 2019 08:51:43 GMT" time="45.965" errors="0">
  <testcase name="invokebrowser" time="19.773" classname="example.transferfunds"/>
  <testcase name="login" time="4.241" classname="example.transferfunds"/>
  <testcase name="navigatebackword" time="11.071" classname="example.transferfunds"/>
  <testcase name="onlinebanking" time="2.588" classname="example.transferfunds"/>
  <testcase name="transferfunds" time="2.435" classname="example.transferfunds"/>
</testsuite> <!-- Test2 -->
