<?xml version="1.0" encoding="UTF-8"?>
<!-- Generated by org.testng.reporters.JUnitXMLReporter -->
<testsuite hostname="A2ML22163" name="Test1" tests="5" failures="0" timestamp="28 Feb 2019 12:18:43 GMT" time="45.138" errors="0">
  <testcase name="invokebrowser" time="15.967" classname="example.NewTest"/>
  <testcase name="login" time="4.599" classname="example.NewTest"/>
  <testcase name="navigatebackword" time="10.904" classname="example.NewTest"/>
  <testcase name="onlinebanking" time="4.738" classname="example.NewTest"/>
  <testcase name="transferfunds" time="4.271" classname="example.NewTest"/>
</testsuite> <!-- Test1 -->
