<?xml version="1.0" encoding="UTF-8"?>
<!-- Generated by org.testng.reporters.JUnitXMLReporter -->
<testsuite hostname="A2ML22163" name="Default test" tests="5" failures="0" timestamp="6 Mar 2019 12:46:22 GMT" time="13.736" errors="0">
  <testcase name="@BeforeTest beforeTest" time="0.0" classname="example.transferfunds">
    <failure type="java.lang.NullPointerException">
      <![CDATA[java.lang.NullPointerException
	at example.transferfunds.beforeTest(transferfunds.java:129)
	at sun.reflect.NativeMethodAccessorImpl.invoke0(Native Method)
	at sun.reflect.NativeMethodAccessorImpl.invoke(NativeMethodAccessorImpl.java:62)
	at sun.reflect.DelegatingMethodAccessorImpl.invoke(DelegatingMethodAccessorImpl.java:43)
	at java.lang.reflect.Method.invoke(Method.java:498)
	at org.testng.internal.MethodInvocationHelper.invokeMethod(MethodInvocationHelper.java:80)
	at org.testng.internal.Invoker.invokeConfigurationMethod(Invoker.java:564)
	at org.testng.internal.Invoker.invokeConfigurations(Invoker.java:213)
	at org.testng.internal.Invoker.invokeConfigurations(Invoker.java:138)
	at org.testng.TestRunner.beforeRun(TestRunner.java:641)
	at org.testng.TestRunner.run(TestRunner.java:609)
	at org.testng.SuiteRunner.runTest(SuiteRunner.java:334)
	at org.testng.SuiteRunner.runSequentially(SuiteRunner.java:329)
	at org.testng.SuiteRunner.privateRun(SuiteRunner.java:291)
	at org.testng.SuiteRunner.run(SuiteRunner.java:240)
	at org.testng.SuiteRunnerWorker.runSuite(SuiteRunnerWorker.java:52)
	at org.testng.SuiteRunnerWorker.run(SuiteRunnerWorker.java:86)
	at org.testng.TestNG.runSuitesSequentially(TestNG.java:1198)
	at org.testng.TestNG.runSuitesLocally(TestNG.java:1123)
	at org.testng.TestNG.run(TestNG.java:1031)
	at org.testng.remote.AbstractRemoteTestNG.run(AbstractRemoteTestNG.java:114)
	at org.testng.remote.RemoteTestNG.initAndRun(RemoteTestNG.java:251)
	at org.testng.remote.RemoteTestNG.main(RemoteTestNG.java:77)
]]>
    </failure>
  </testcase> <!-- @BeforeTest beforeTest -->
  <testcase name="@AfterTest afterTest" time="0.0" classname="example.transferfunds">
    <skipped/>
  </testcase> <!-- @AfterTest afterTest -->
  <testcase name="invokebrowser" time="0.005" classname="example.transferfunds">
    <skipped/>
  </testcase> <!-- invokebrowser -->
  <testcase name="login" time="0.001" classname="example.transferfunds">
    <skipped/>
  </testcase> <!-- login -->
  <testcase name="navigatebackword" time="0.003" classname="example.transferfunds">
    <skipped/>
  </testcase> <!-- navigatebackword -->
  <testcase name="onlinebanking" time="0.002" classname="example.transferfunds">
    <skipped/>
  </testcase> <!-- onlinebanking -->
  <testcase name="transferfunds" time="0.001" classname="example.transferfunds">
    <skipped/>
  </testcase> <!-- transferfunds -->
</testsuite> <!-- Default test -->
