<?xml version="1.0" encoding="UTF-8"?>
<!-- Generated by org.testng.reporters.JUnitXMLReporter -->
<testsuite hostname="A2ML22163" name="Extent Report Test2" tests="7" failures="0" timestamp="23 Oct 2018 07:16:54 GMT" time="48.159" errors="0">
  <testcase name="fundtransfer" time="0.017" classname="ExtentReport.ExtentReportsEx"/>
  <testcase name="invokebrowser1" time="13.317" classname="ExtentReport.ExtentReportsEx"/>
  <testcase name="executSessionThree" time="24.092" classname="ExtentReport.ExtentReportsEx"/>
  <testcase name="paybills" time="0.002" classname="ExtentReport.ExtentReportsEx"/>
  <testcase name="login1" time="14.465" classname="ExtentReport.ExtentReportsEx"/>
  <testcase name="executSessionOne" time="35.049" classname="ExtentReport.ExtentReportsEx"/>
  <testcase name="executeSessionTwo" time="43.706" classname="ExtentReport.ExtentReportsEx"/>
</testsuite> <!-- Extent Report Test2 -->
