<?xml version="1.0" encoding="UTF-8"?>
<!-- Generated by org.testng.reporters.JUnitXMLReporter -->
<testsuite hostname="A2ML22163" name="Extent Report Test" tests="4" failures="0" timestamp="16 Oct 2018 07:26:39 GMT" time="31.783" errors="0">
  <testcase name="fundtransfer" time="0.01" classname="com.extentreport.BasicExtentReport"/>
  <testcase name="invokebrowser" time="13.247" classname="com.extentreport.BasicExtentReport"/>
  <testcase name="login" time="14.368" classname="com.extentreport.BasicExtentReport"/>
  <testcase name="paybills" time="0.001" classname="com.extentreport.BasicExtentReport"/>
</testsuite> <!-- Extent Report Test -->
