<?xml version="1.0" encoding="UTF-8"?>
<!-- Generated by org.testng.reporters.JUnitXMLReporter -->
<testsuite hostname="A2ML22163" name="Extent Report Test2" tests="4" failures="0" timestamp="16 Oct 2018 09:57:44 GMT" time="33.663" errors="0">
  <testcase name="fundtransfer" time="0.012" classname="ExtentReport.ExtentReportsEx"/>
  <testcase name="invokebrowser1" time="13.049" classname="ExtentReport.ExtentReportsEx"/>
  <testcase name="login1" time="16.566" classname="ExtentReport.ExtentReportsEx"/>
  <testcase name="paybills" time="0.001" classname="ExtentReport.ExtentReportsEx"/>
</testsuite> <!-- Extent Report Test2 -->
