<?xml version="1.0" encoding="UTF-8"?>
<!-- Generated by org.testng.reporters.JUnitXMLReporter -->
<testsuite hostname="A2ML22163" name="Extent Report Test1" tests="4" failures="0" timestamp="16 Oct 2018 09:15:16 GMT" time="31.663" errors="0">
  <testcase name="fundtransfer" time="0.019" classname="com.extentreport.BasicExtentReport"/>
  <testcase name="invokebrowser" time="12.966" classname="com.extentreport.BasicExtentReport"/>
  <testcase name="login" time="14.945" classname="com.extentreport.BasicExtentReport"/>
  <testcase name="paybills" time="0.011" classname="com.extentreport.BasicExtentReport"/>
</testsuite> <!-- Extent Report Test1 -->
