<?xml version="1.0" encoding="UTF-8"?>
<!-- Generated by org.testng.reporters.JUnitXMLReporter -->
<testsuite hostname="A2ML22163" name="Test1" tests="10" failures="0" timestamp="15 Oct 2018 07:22:22 GMT" time="70.759" errors="0">
  <testcase name="invokebrowser" time="12.789" classname="example.transferfunds"/>
  <testcase name="login" time="2.947" classname="example.transferfunds"/>
  <testcase name="navigatebackword" time="11.136" classname="example.transferfunds"/>
  <testcase name="onlinebanking" time="2.124" classname="example.transferfunds"/>
  <testcase name="transferfunds" time="2.756" classname="example.transferfunds"/>
  <testcase name="invokebrowser" time="14.384" classname="example.NewTest"/>
  <testcase name="login" time="2.591" classname="example.NewTest"/>
  <testcase name="navigatebackword" time="10.653" classname="example.NewTest"/>
  <testcase name="onlinebanking" time="1.07" classname="example.NewTest"/>
  <testcase name="transferfunds" time="2.241" classname="example.NewTest"/>
</testsuite> <!-- Test1 -->
