<?xml version="1.0" encoding="UTF-8"?>
<!-- Generated by org.testng.reporters.JUnitXMLReporter -->
<testsuite hostname="A2ML22163" name="Test" tests="5" failures="1" timestamp="11 Oct 2018 06:12:05 GMT" time="21.442" errors="0">
  <testcase name="invokebrowser" time="6.036" classname="example.NewTest">
    <failure type="java.lang.AssertionError" message="expected [true] but found [false]">
      <![CDATA[java.lang.AssertionError: expected [true] but found [false]
	at example.NewTest.invokebrowser(NewTest.java:32)
... Removed 28 stack frames]]>
    </failure>
  </testcase> <!-- invokebrowser -->
  <testcase name="login" time="5.92" classname="example.NewTest"/>
  <testcase name="navigatebackword" time="0.968" classname="example.NewTest"/>
  <testcase name="onlinebanking" time="1.424" classname="example.NewTest"/>
  <testcase name="transferfunds" time="2.192" classname="example.NewTest"/>
</testsuite> <!-- Test -->
