<?xml version="1.0" encoding="UTF-8"?>
<!-- Generated by org.testng.reporters.JUnitXMLReporter -->
<testsuite hostname="A2ML22163" name="Test1" tests="15" failures="0" timestamp="28 Feb 2019 11:20:14 GMT" time="8.265" errors="0">
  <testcase name="@BeforeTest beforeTest" time="0.0" classname="example.NewTest">
    <failure type="java.lang.NullPointerException">
      <![CDATA[java.lang.NullPointerException
	at com.relevantcodes.extentreports.ExtentReports.log(ExtentReports.java:166)
	at example.transferfunds.beforeTest(transferfunds.java:131)
... Removed 22 stack frames]]>
    </failure>
  </testcase> <!-- @BeforeTest beforeTest -->
  <testcase name="@AfterTest afterTest" time="0.0" classname="example.NewTest">
    <skipped/>
  </testcase> <!-- @AfterTest afterTest -->
  <testcase name="@AfterTest afterTest" time="0.0" classname="example.NewTest">
    <skipped/>
  </testcase> <!-- @AfterTest afterTest -->
  <testcase name="@AfterTest afterTest" time="0.0" classname="example.NewTest">
    <skipped/>
  </testcase> <!-- @AfterTest afterTest -->
  <testcase name="invokebrowser" time="0.011" classname="example.transferfunds">
    <skipped/>
  </testcase> <!-- invokebrowser -->
  <testcase name="invokebrowser" time="0.015" classname="example.NewTest">
    <skipped/>
  </testcase> <!-- invokebrowser -->
  <testcase name="paybills" time="0.016" classname="example.Paybills">
    <skipped/>
  </testcase> <!-- paybills -->
  <testcase name="login" time="0.005" classname="example.transferfunds">
    <skipped/>
  </testcase> <!-- login -->
  <testcase name="login" time="0.008" classname="example.NewTest">
    <skipped/>
  </testcase> <!-- login -->
  <testcase name="navigatebackword" time="0.002" classname="example.transferfunds">
    <skipped/>
  </testcase> <!-- navigatebackword -->
  <testcase name="navigatebackword" time="0.006" classname="example.NewTest">
    <skipped/>
  </testcase> <!-- navigatebackword -->
  <testcase name="login" time="0.008" classname="example.Paybills">
    <skipped/>
  </testcase> <!-- login -->
  <testcase name="navigatebackword" time="0.001" classname="example.Paybills">
    <skipped/>
  </testcase> <!-- navigatebackword -->
  <testcase name="onlinebanking" time="0.018" classname="example.transferfunds">
    <skipped/>
  </testcase> <!-- onlinebanking -->
  <testcase name="onlinebanking" time="0.009" classname="example.NewTest">
    <skipped/>
  </testcase> <!-- onlinebanking -->
  <testcase name="transferfunds" time="0.004" classname="example.NewTest">
    <skipped/>
  </testcase> <!-- transferfunds -->
  <testcase name="transferfunds" time="0.026" classname="example.transferfunds">
    <skipped/>
  </testcase> <!-- transferfunds -->
  <testcase name="onlinebanking" time="0.002" classname="example.Paybills">
    <skipped/>
  </testcase> <!-- onlinebanking -->
  <testcase name="paybills1" time="0.005" classname="example.Paybills">
    <skipped/>
  </testcase> <!-- paybills1 -->
</testsuite> <!-- Test1 -->
