<?xml version="1.0" encoding="UTF-8"?>
<!-- Generated by org.testng.reporters.JUnitXMLReporter -->
<testsuite hostname="A2ML22163" name="Test" tests="5" failures="0" timestamp="11 Oct 2018 06:25:03 GMT" time="37.928" errors="0">
  <testcase name="invokebrowser" time="21.932" classname="example.NewTest"/>
  <testcase name="login" time="6.223" classname="example.NewTest"/>
  <testcase name="navigatebackword" time="0.896" classname="example.NewTest"/>
  <testcase name="onlinebanking" time="1.67" classname="example.NewTest"/>
  <testcase name="transferfunds" time="2.261" classname="example.NewTest"/>
</testsuite> <!-- Test -->
