<?xml version="1.0" encoding="UTF-8"?>
<!-- Generated by org.testng.reporters.JUnitXMLReporter -->
<testsuite hostname="A2ML22163" name="Command line test" tests="4" failures="0" timestamp="10 Oct 2018 07:18:14 GMT" time="25.067" errors="0">
  <testcase name="testCase1" time="0.001" classname="example.TestngAnnotation"/>
  <testcase name="testEasy" time="15.982" classname="example.NewTest"/>
  <testcase name="login" time="3.289" classname="example.NewTest"/>
  <testcase name="navigatebackword" time="0.746" classname="example.NewTest"/>
</testsuite> <!-- Command line test -->
