<?xml version="1.0" encoding="UTF-8"?>
<!-- Generated by org.testng.reporters.JUnitXMLReporter -->
<testsuite hostname="A2ML22163" name="Command line test" tests="5" failures="0" timestamp="11 Oct 2018 07:59:54 GMT" time="38.452" errors="0">
  <testcase name="invokebrowser" time="15.556" classname="example.NewTest"/>
  <testcase name="login" time="3.156" classname="example.NewTest"/>
  <testcase name="navigatebackword" time="10.614" classname="example.NewTest"/>
  <testcase name="onlinebanking" time="2.078" classname="example.NewTest"/>
  <testcase name="transferfunds" time="2.285" classname="example.NewTest"/>
</testsuite> <!-- Command line test -->
