<?xml version="1.0" encoding="UTF-8" ?>
<testsuite tests="7" failures="1" name="example.NewTest" time="0.8" errors="0" skipped="6">
  <properties>
[...]
</properties>
  <testcase classname="example.NewTest" name="beforeTest" time="0.797">
    <failure type="java.lang.NullPointerException">java.lang.NullPointerException
	at example.NewTest.beforeTest(NewTest.java:129)
</failure>
    <system-out>Configuring TestNG with: org.apache.maven.surefire.testng.conf.TestNG652Configurator@6a6824be
</system-out>
  </testcase>
  <testcase classname="example.NewTest" name="invokebrowser" time="0">
    <skipped/>
  </testcase>
  <testcase classname="example.NewTest" name="login" time="0">
    <skipped/>
  </testcase>
  <testcase classname="example.NewTest" name="navigatebackword" time="0.001">
    <skipped/>
  </testcase>
  <testcase classname="example.NewTest" name="onlinebanking" time="0">
    <skipped/>
  </testcase>
  <testcase classname="example.NewTest" name="transferfunds" time="0">
    <skipped/>
  </testcase>
  <testcase classname="example.NewTest" name="afterTest" time="0.002">
    <skipped/>
  </testcase>
</testsuite>