<?xml version="1.0" encoding="UTF-8"?>
<testng-results skipped="0" failed="0" total="6" passed="6">
  <reporter-output>
  </reporter-output>
  <suite name="Command line suite" duration-ms="27327" started-at="2018-10-10T07:32:46Z" finished-at="2018-10-10T07:33:13Z">
    <groups>
    </groups>
    <test name="Command line test" duration-ms="27327" started-at="2018-10-10T07:32:46Z" finished-at="2018-10-10T07:33:13Z">
      <class name="example.NewTest">
        <test-method status="PASS" signature="beforeTest()[pri:0, instance:example.NewTest@1936f0f5]" name="beforeTest" is-config="true" duration-ms="3824" started-at="2018-10-10T13:02:46Z" finished-at="2018-10-10T13:02:50Z">
          <reporter-output>
          </reporter-output>
        </test-method> <!-- beforeTest -->
        <test-method status="PASS" signature="beforeTest()[pri:0, instance:example.TestngAnnotation@3f2a3a5]" name="beforeTest" is-config="true" duration-ms="0" started-at="2018-10-10T13:02:50Z" finished-at="2018-10-10T13:02:50Z">
          <reporter-output>
          </reporter-output>
        </test-method> <!-- beforeTest -->
        <test-method status="PASS" signature="testEasy()[pri:0, instance:example.NewTest@1936f0f5]" name="testEasy" duration-ms="15664" started-at="2018-10-10T13:02:50Z" finished-at="2018-10-10T13:03:05Z">
          <reporter-output>
          </reporter-output>
        </test-method> <!-- testEasy -->
        <test-method status="PASS" signature="login()[pri:0, instance:example.NewTest@1936f0f5]" name="login" duration-ms="2333" started-at="2018-10-10T13:03:05Z" finished-at="2018-10-10T13:03:08Z">
          <reporter-output>
          </reporter-output>
        </test-method> <!-- login -->
        <test-method status="PASS" signature="navigatebackword()[pri:0, instance:example.NewTest@1936f0f5]" name="navigatebackword" duration-ms="657" started-at="2018-10-10T13:03:08Z" finished-at="2018-10-10T13:03:08Z">
          <reporter-output>
          </reporter-output>
        </test-method> <!-- navigatebackword -->
        <test-method status="PASS" signature="onlinebanking()[pri:0, instance:example.NewTest@1936f0f5]" name="onlinebanking" duration-ms="1130" started-at="2018-10-10T13:03:08Z" finished-at="2018-10-10T13:03:09Z">
          <reporter-output>
          </reporter-output>
        </test-method> <!-- onlinebanking -->
        <test-method status="PASS" signature="transferfunds()[pri:0, instance:example.NewTest@1936f0f5]" name="transferfunds" duration-ms="2441" started-at="2018-10-10T13:03:09Z" finished-at="2018-10-10T13:03:12Z">
          <reporter-output>
          </reporter-output>
        </test-method> <!-- transferfunds -->
        <test-method status="PASS" signature="afterTest()[pri:0, instance:example.NewTest@1936f0f5]" name="afterTest" is-config="true" duration-ms="1266" started-at="2018-10-10T13:03:12Z" finished-at="2018-10-10T13:03:13Z">
          <reporter-output>
          </reporter-output>
        </test-method> <!-- afterTest -->
        <test-method status="PASS" signature="afterTest()[pri:0, instance:example.TestngAnnotation@3f2a3a5]" name="afterTest" is-config="true" duration-ms="0" started-at="2018-10-10T13:03:13Z" finished-at="2018-10-10T13:03:13Z">
          <reporter-output>
          </reporter-output>
        </test-method> <!-- afterTest -->
      </class> <!-- example.NewTest -->
      <class name="example.TestngAnnotation">
        <test-method status="PASS" signature="beforeSuite()[pri:0, instance:example.TestngAnnotation@3f2a3a5]" name="beforeSuite" is-config="true" duration-ms="12" started-at="2018-10-10T13:02:46Z" finished-at="2018-10-10T13:02:46Z">
          <reporter-output>
          </reporter-output>
        </test-method> <!-- beforeSuite -->
        <test-method status="PASS" signature="beforeClass()[pri:0, instance:example.TestngAnnotation@3f2a3a5]" name="beforeClass" is-config="true" duration-ms="1" started-at="2018-10-10T13:02:50Z" finished-at="2018-10-10T13:02:50Z">
          <reporter-output>
          </reporter-output>
        </test-method> <!-- beforeClass -->
        <test-method status="PASS" signature="testCase1()[pri:0, instance:example.TestngAnnotation@3f2a3a5]" name="testCase1" duration-ms="1" started-at="2018-10-10T13:02:50Z" finished-at="2018-10-10T13:02:50Z">
          <reporter-output>
          </reporter-output>
        </test-method> <!-- testCase1 -->
        <test-method status="PASS" signature="beforeMethod()[pri:0, instance:example.TestngAnnotation@3f2a3a5]" name="beforeMethod" is-config="true" duration-ms="0" started-at="2018-10-10T13:02:50Z" finished-at="2018-10-10T13:02:50Z">
          <reporter-output>
          </reporter-output>
        </test-method> <!-- beforeMethod -->
        <test-method status="PASS" signature="afterMethod()[pri:0, instance:example.TestngAnnotation@3f2a3a5]" name="afterMethod" is-config="true" duration-ms="1" started-at="2018-10-10T13:02:50Z" finished-at="2018-10-10T13:02:50Z">
          <reporter-output>
          </reporter-output>
        </test-method> <!-- afterMethod -->
        <test-method status="PASS" signature="afterClass()[pri:0, instance:example.TestngAnnotation@3f2a3a5]" name="afterClass" is-config="true" duration-ms="0" started-at="2018-10-10T13:02:50Z" finished-at="2018-10-10T13:02:50Z">
          <reporter-output>
          </reporter-output>
        </test-method> <!-- afterClass -->
        <test-method status="PASS" signature="afterSuite()[pri:0, instance:example.TestngAnnotation@3f2a3a5]" name="afterSuite" is-config="true" duration-ms="0" started-at="2018-10-10T13:03:13Z" finished-at="2018-10-10T13:03:13Z">
          <reporter-output>
          </reporter-output>
        </test-method> <!-- afterSuite -->
      </class> <!-- example.TestngAnnotation -->
    </test> <!-- Command line test -->
  </suite> <!-- Command line suite -->
</testng-results>
