<?xml version="1.0" encoding="UTF-8"?>
<testng-results skipped="0" failed="0" total="5" passed="5">
  <reporter-output>
  </reporter-output>
  <suite name="Suite" duration-ms="27367" started-at="2018-10-10T09:54:17Z" finished-at="2018-10-10T09:54:44Z">
    <groups>
    </groups>
    <test name="Test" duration-ms="27367" started-at="2018-10-10T09:54:17Z" finished-at="2018-10-10T09:54:44Z">
      <class name="example.NewTest">
        <test-method status="PASS" signature="beforeTest()[pri:0, instance:example.NewTest@7823a2f9]" name="beforeTest" is-config="true" duration-ms="3492" started-at="2018-10-10T15:24:17Z" finished-at="2018-10-10T15:24:21Z">
          <reporter-output>
          </reporter-output>
        </test-method> <!-- beforeTest -->
        <test-method status="PASS" signature="invokebrowser()[pri:0, instance:example.NewTest@7823a2f9]" name="invokebrowser" duration-ms="13297" started-at="2018-10-10T15:24:21Z" finished-at="2018-10-10T15:24:34Z">
          <reporter-output>
          </reporter-output>
        </test-method> <!-- invokebrowser -->
        <test-method status="PASS" signature="login()[pri:0, instance:example.NewTest@7823a2f9]" name="login" duration-ms="3802" started-at="2018-10-10T15:24:34Z" finished-at="2018-10-10T15:24:38Z">
          <reporter-output>
          </reporter-output>
        </test-method> <!-- login -->
        <test-method status="PASS" signature="navigatebackword()[pri:0, instance:example.NewTest@7823a2f9]" name="navigatebackword" duration-ms="1284" started-at="2018-10-10T15:24:38Z" finished-at="2018-10-10T15:24:39Z">
          <reporter-output>
          </reporter-output>
        </test-method> <!-- navigatebackword -->
        <test-method status="PASS" signature="onlinebanking()[pri:0, instance:example.NewTest@7823a2f9]" name="onlinebanking" duration-ms="1773" started-at="2018-10-10T15:24:39Z" finished-at="2018-10-10T15:24:41Z">
          <reporter-output>
          </reporter-output>
        </test-method> <!-- onlinebanking -->
        <test-method status="PASS" signature="transferfunds()[pri:0, instance:example.NewTest@7823a2f9]" name="transferfunds" duration-ms="2440" started-at="2018-10-10T15:24:41Z" finished-at="2018-10-10T15:24:43Z">
          <reporter-output>
          </reporter-output>
        </test-method> <!-- transferfunds -->
        <test-method status="PASS" signature="afterTest()[pri:0, instance:example.NewTest@7823a2f9]" name="afterTest" is-config="true" duration-ms="1258" started-at="2018-10-10T15:24:43Z" finished-at="2018-10-10T15:24:44Z">
          <reporter-output>
          </reporter-output>
        </test-method> <!-- afterTest -->
      </class> <!-- example.NewTest -->
    </test> <!-- Test -->
  </suite> <!-- Suite -->
</testng-results>
